<?xml version="1.0" encoding="UTF-8"?>
<!-- Generated by org.testng.reporters.JUnitReportReporter -->
<testsuite hostname="DESKTOP-8T8S9A5" name="org.demoframe.testPom.TestActitimeLogin" tests="1" failures="0" timestamp="6 Feb 2021 12:11:03 GMT" time="65.475" errors="0">
  <testcase name="validLogin" time="65.475" classname="org.demoframe.testPom.TestActitimeLogin"/>
</testsuite> <!-- org.demoframe.testPom.TestActitimeLogin -->
